<?xml version="1.0" encoding="UTF-8"?>
<testsuite xmlns:xsi="http://www.w3.org/2001/XMLSchema-instance" xsi:noNamespaceSchemaLocation="https://maven.apache.org/surefire/maven-surefire-plugin/xsd/surefire-test-report-3.0.xsd" version="3.0" name="com.example.exp8.Exp8ApplicationTests" time="1.145" tests="3" errors="0" skipped="0" failures="0">
  <properties>
[...]
</properties>
  <testcase name="shouldRegisterUserSuccessfully" classname="com.example.exp8.Exp8ApplicationTests" time="0.411">
    <system-out><![CDATA[20:12:57.330 [main] INFO org.springframework.test.context.support.AnnotationConfigContextLoaderUtils -- Could not detect default configuration classes for test class [com.example.exp8.Exp8ApplicationTests]: Exp8ApplicationTests does not declare any static, non-private, non-final, nested classes annotated with @Configuration.
20:12:57.369 [main] INFO org.springframework.boot.test.context.SpringBootTestContextBootstrapper -- Found @SpringBootConfiguration com.example.exp8.Exp8Application for test class com.example.exp8.Exp8ApplicationTests

  .   ____          _            __ _ _
 /\\ / ___'_ __ _ _(_)_ __  __ _ \ \ \ \
( ( )\___ | '_ | '_| | '_ \/ _` | \ \ \ \
 \\/  ___)| |_)| | | | | || (_| |  ) ) ) )
  '  |____| .__|_| |_|_| |_\__, | / / / /
 =========|_|==============|___/=/_/_/_/

 :: Spring Boot ::                (v3.3.2)

2026-04-09T20:12:57.492+05:30  INFO 95876 --- [exp8-backend] [           main] com.example.exp8.Exp8ApplicationTests    : Starting Exp8ApplicationTests using Java 25.0.2 with PID 95876 (started by amitrajeet in /Users/amitrajeet/Downloads/Academic Notes/FSD/Exp8/backend)
2026-04-09T20:12:57.493+05:30  INFO 95876 --- [exp8-backend] [           main] com.example.exp8.Exp8ApplicationTests    : No active profile set, falling back to 1 default profile: "default"
2026-04-09T20:12:57.826+05:30  INFO 95876 --- [exp8-backend] [           main] eAuthenticationProviderManagerConfigurer : Global AuthenticationManager configured with AuthenticationProvider bean with name authenticationProvider
2026-04-09T20:12:57.826+05:30  WARN 95876 --- [exp8-backend] [           main] r$InitializeUserDetailsManagerConfigurer : Global AuthenticationManager configured with an AuthenticationProvider bean. UserDetailsService beans will not be used for username/password login. Consider removing the AuthenticationProvider bean. Alternatively, consider using the UserDetailsService in a manually instantiated DaoAuthenticationProvider.
2026-04-09T20:12:57.982+05:30  INFO 95876 --- [exp8-backend] [           main] o.s.b.t.m.w.SpringBootMockServletContext : Initializing Spring TestDispatcherServlet ''
2026-04-09T20:12:57.982+05:30  INFO 95876 --- [exp8-backend] [           main] o.s.t.web.servlet.TestDispatcherServlet  : Initializing Servlet ''
2026-04-09T20:12:57.982+05:30  INFO 95876 --- [exp8-backend] [           main] o.s.t.web.servlet.TestDispatcherServlet  : Completed initialization in 0 ms
2026-04-09T20:12:57.988+05:30  INFO 95876 --- [exp8-backend] [           main] com.example.exp8.Exp8ApplicationTests    : Started Exp8ApplicationTests in 0.573 seconds (process running for 0.908)
]]></system-out>
    <system-err><![CDATA[WARNING: A Java agent has been loaded dynamically (/Users/amitrajeet/.m2/repository/net/bytebuddy/byte-buddy-agent/1.14.18/byte-buddy-agent-1.14.18.jar)
WARNING: If a serviceability tool is in use, please run with -XX:+EnableDynamicAgentLoading to hide this warning
WARNING: If a serviceability tool is not in use, please run with -Djdk.instrument.traceUsage for more information
WARNING: Dynamic loading of agents will be disallowed by default in a future release
]]></system-err>
  </testcase>
  <testcase name="publicProductsShouldBeAccessibleWithoutToken" classname="com.example.exp8.Exp8ApplicationTests" time="0.007"/>
  <testcase name="protectedProductsShouldRequireToken" classname="com.example.exp8.Exp8ApplicationTests" time="0.012"/>
</testsuite>